Arguments: 
  C:\Program Files\nodejs\node.exe C:\Users\SEBEHREN\AppData\Roaming\npm\node_modules\yarn\bin\yarn.js add @zemke/http-mock

PATH: 
  C:\Users\SEBEHREN\bin;C:\Program Files\Git\mingw64\bin;C:\Program Files\Git\usr\local\bin;C:\Program Files\Git\usr\bin;C:\Program Files\Git\usr\bin;C:\Program Files\Git\mingw64\bin;C:\Program Files\Git\usr\bin;C:\Users\SEBEHREN\bin;C:\Program Files (x86)\Common Files\Oracle\Java\javapath;C:\WINDOWS\system32;C:\WINDOWS;C:\WINDOWS\System32\Wbem;C:\WINDOWS\System32\WindowsPowerShell\v1.0;C:\WINDOWS\System32\OpenSSH;C:\Program Files (x86)\OpenText\Viewer\bin;C:\Program Files\dotnet;C:\Program Files\Microsoft SQL Server\130\Tools\Binn;C:\Program Files\Git\cmd;C:\Program Files\Git\mingw64\bin;C:\Program Files\Git\usr\bin;C:\Program Files\nodejs;C:\Users\SEBEHREN\AppData\Local\Microsoft\WindowsApps;C:\Users\SEBEHREN\AppData\Local\Programs\Microsoft VS Code\bin;C:\Users\SEBEHREN\AppData\Roaming\npm;C:\Program Files\Git\usr\bin\vendor_perl;C:\Program Files\Git\usr\bin\core_perl

Yarn version: 
  1.17.3

Node version: 
  10.16.3

Platform: 
  win32 x64

Trace: 
  Error: https://registry.yarnpkg.com/@zemke%2fhttp-mock: tunneling socket could not be established, cause=getaddrinfo ENOTFOUND 3128 3128:80
      at ClientRequest.onError (C:\Users\SEBEHREN\AppData\Roaming\npm\node_modules\yarn\lib\cli.js:151950:17)
      at Object.onceWrapper (events.js:286:20)
      at ClientRequest.emit (events.js:198:13)
      at Socket.socketErrorListener (_http_client.js:392:9)
      at Socket.emit (events.js:198:13)
      at emitErrorNT (internal/streams/destroy.js:91:8)
      at emitErrorAndCloseNT (internal/streams/destroy.js:59:3)
      at process._tickCallback (internal/process/next_tick.js:63:19)

npm manifest: 
  {
    "name": "git-projekts",
    "version": "1.0.0",
    "description": "Random PasswordGenerator",
    "main": "PWG.js",
    "dependencies": {},
    "devDependencies": {},
    "scripts": {
      "test": "echo \"Error: no test specified\" && exit 1"
    },
    "repository": {
      "type": "git",
      "url": "git+https://github.com/Esemby/PasswortGenerator.git"
    },
    "author": "",
    "license": "ISC",
    "bugs": {
      "url": "https://github.com/Esemby/PasswortGenerator/issues"
    },
    "homepage": "https://github.com/Esemby/PasswortGenerator#readme"
  }

yarn manifest: 
  No manifest

Lockfile: 
  No lockfile
